app/build/intermediates/manifest_merge_blame_file/debug/manifest-merger-blame-debug-report.txt
1<?xml version="1.0" encoding="utf-8"?>
2<manifest xmlns:android="http://schemas.android.com/apk/res/android"
3    package="com.example.taobaoalliance"
4    android:versionCode="1"
5    android:versionName="1.0" >
6
7    <uses-sdk
8        android:minSdkVersion="21"
8-->src\main\AndroidManifest.xml
9        android:targetSdkVersion="29" />
9-->src\main\AndroidManifest.xml
10
11    <uses-permission android:name="android.permission.INTERNET" />
11-->src\main\AndroidManifest.xml:6:5-67
11-->src\main\AndroidManifest.xml:6:22-64
12    <uses-permission android:name="android.permission.ACCESS_NETWORK_STATE" />
12-->[com.github.tamsiree.RxTool:RxKit:v2.4.1] AndroidManifest.xml:11:5-79
12-->[com.github.tamsiree.RxTool:RxKit:v2.4.1] AndroidManifest.xml:11:22-76
13    <uses-permission android:name="android.permission.ACCESS_COARSE_LOCATION" />
13-->[com.github.tamsiree.RxTool:RxKit:v2.4.1] AndroidManifest.xml:13:5-81
13-->[com.github.tamsiree.RxTool:RxKit:v2.4.1] AndroidManifest.xml:13:22-78
14    <uses-permission android:name="android.permission.ACCESS_FINE_LOCATION" />
14-->[com.github.tamsiree.RxTool:RxKit:v2.4.1] AndroidManifest.xml:14:5-79
14-->[com.github.tamsiree.RxTool:RxKit:v2.4.1] AndroidManifest.xml:14:22-76
15    <uses-permission android:name="android.permission.ACCESS_WIFI_STATE" />
15-->[com.github.tamsiree.RxTool:RxKit:v2.4.1] AndroidManifest.xml:15:5-76
15-->[com.github.tamsiree.RxTool:RxKit:v2.4.1] AndroidManifest.xml:15:22-73
16    <uses-permission android:name="android.permission.CALL_PHONE" />
16-->[com.github.tamsiree.RxTool:RxKit:v2.4.1] AndroidManifest.xml:16:5-69
16-->[com.github.tamsiree.RxTool:RxKit:v2.4.1] AndroidManifest.xml:16:22-66
17    <uses-permission android:name="android.permission.KILL_BACKGROUND_PROCESSES" />
17-->[com.github.tamsiree.RxTool:RxKit:v2.4.1] AndroidManifest.xml:17:5-84
17-->[com.github.tamsiree.RxTool:RxKit:v2.4.1] AndroidManifest.xml:17:22-81
18    <uses-permission android:name="android.permission.REQUEST_INSTALL_PACKAGES" /> <!-- 外部存储 -->
18-->[com.github.tamsiree.RxTool:RxKit:v2.4.1] AndroidManifest.xml:18:5-83
18-->[com.github.tamsiree.RxTool:RxKit:v2.4.1] AndroidManifest.xml:18:22-80
19    <uses-permission android:name="android.permission.READ_PHONE_STATE" />
19-->[com.github.tamsiree.RxTool:RxKit:v2.4.1] AndroidManifest.xml:21:5-75
19-->[com.github.tamsiree.RxTool:RxKit:v2.4.1] AndroidManifest.xml:21:22-72
20    <uses-permission android:name="android.permission.WRITE_EXTERNAL_STORAGE" /> <!-- 许可振动 -->
20-->[com.github.tamsiree.RxTool:RxKit:v2.4.1] AndroidManifest.xml:22:5-81
20-->[com.github.tamsiree.RxTool:RxKit:v2.4.1] AndroidManifest.xml:22:22-78
21    <uses-permission android:name="android.permission.VIBRATE" /> <!-- 打开闪光灯 -->
21-->[com.github.tamsiree.RxTool:RxKit:v2.4.1] AndroidManifest.xml:24:5-66
21-->[com.github.tamsiree.RxTool:RxKit:v2.4.1] AndroidManifest.xml:24:22-63
22    <uses-permission android:name="android.permission.FLASHLIGHT" /> <!-- 许可使用照相机 -->
22-->[com.github.tamsiree.RxTool:RxKit:v2.4.1] AndroidManifest.xml:26:5-69
22-->[com.github.tamsiree.RxTool:RxKit:v2.4.1] AndroidManifest.xml:26:22-66
23    <uses-permission android:name="android.permission.CAMERA" /> <!-- 许可调用相机硬件 -->
23-->[com.github.tamsiree.RxTool:RxKit:v2.4.1] AndroidManifest.xml:28:5-65
23-->[com.github.tamsiree.RxTool:RxKit:v2.4.1] AndroidManifest.xml:28:22-62
24    <uses-feature android:name="android.hardware.camera" /> <!-- 许可调用相机自动对焦 -->
24-->[com.github.tamsiree.RxTool:RxKit:v2.4.1] AndroidManifest.xml:30:5-60
24-->[com.github.tamsiree.RxTool:RxKit:v2.4.1] AndroidManifest.xml:30:19-57
25    <uses-feature android:name="android.hardware.camera.autofocus" />
25-->[com.github.tamsiree.RxTool:RxKit:v2.4.1] AndroidManifest.xml:32:5-70
25-->[com.github.tamsiree.RxTool:RxKit:v2.4.1] AndroidManifest.xml:32:19-67
26
27    <uses-permission android:name="android.permission.READ_EXTERNAL_STORAGE" />
28
29    <application
29-->src\main\AndroidManifest.xml:8:5-30:19
30        android:name="com.example.taobaoalliance.base.BaseApplication"
30-->src\main\AndroidManifest.xml:9:9-45
31        android:allowBackup="true"
31-->src\main\AndroidManifest.xml:10:9-35
32        android:appComponentFactory="androidx.core.app.CoreComponentFactory"
32-->[androidx.core:core:1.2.0] AndroidManifest.xml:24:18-86
33        android:debuggable="true"
34        android:icon="@mipmap/ic_launcher"
34-->src\main\AndroidManifest.xml:11:9-43
35        android:label="@string/app_name"
35-->src\main\AndroidManifest.xml:12:9-41
36        android:roundIcon="@mipmap/ic_launcher_round"
36-->src\main\AndroidManifest.xml:13:9-54
37        android:supportsRtl="true"
37-->src\main\AndroidManifest.xml:14:9-35
38        android:testOnly="true"
39        android:theme="@style/AppTheme"
39-->src\main\AndroidManifest.xml:15:9-40
40        android:usesCleartextTraffic="true" >
40-->src\main\AndroidManifest.xml:16:9-44
41        <activity android:name="com.example.taobaoalliance.ui.activity.ScanQrCodeActivity" />
41-->src\main\AndroidManifest.xml:18:9-68
41-->src\main\AndroidManifest.xml:18:19-65
42        <activity
42-->src\main\AndroidManifest.xml:19:9-21:46
43            android:name="com.example.taobaoalliance.ui.activity.TicketActivity"
43-->src\main\AndroidManifest.xml:20:13-55
44            android:launchMode="singleTop" />
44-->src\main\AndroidManifest.xml:21:13-43
45        <activity android:name="com.example.taobaoalliance.ui.activity.MainActivity" >
45-->src\main\AndroidManifest.xml:22:9-29:20
45-->src\main\AndroidManifest.xml:22:19-59
46            <intent-filter>
46-->src\main\AndroidManifest.xml:23:13-28:29
47                <action android:name="android.intent.action.MAIN" />
47-->src\main\AndroidManifest.xml:24:17-69
47-->src\main\AndroidManifest.xml:24:25-66
48                <action android:name="android.intent.action.VIEW" />
48-->src\main\AndroidManifest.xml:25:17-69
48-->src\main\AndroidManifest.xml:25:25-66
49
50                <category android:name="android.intent.category.LAUNCHER" />
50-->src\main\AndroidManifest.xml:27:17-77
50-->src\main\AndroidManifest.xml:27:27-74
51            </intent-filter>
52        </activity>
53
54        <provider
54-->[com.github.tamsiree.RxTool:RxKit:v2.4.1] AndroidManifest.xml:37:9-45:20
55            android:name="androidx.core.content.FileProvider"
55-->[com.github.tamsiree.RxTool:RxKit:v2.4.1] AndroidManifest.xml:38:13-62
56            android:authorities="com.example.taobaoalliance.fileprovider"
56-->[com.github.tamsiree.RxTool:RxKit:v2.4.1] AndroidManifest.xml:39:13-64
57            android:exported="false"
57-->[com.github.tamsiree.RxTool:RxKit:v2.4.1] AndroidManifest.xml:40:13-37
58            android:grantUriPermissions="true" >
58-->[com.github.tamsiree.RxTool:RxKit:v2.4.1] AndroidManifest.xml:41:13-47
59            <meta-data
59-->[com.github.tamsiree.RxTool:RxKit:v2.4.1] AndroidManifest.xml:42:13-44:54
60                android:name="android.support.FILE_PROVIDER_PATHS"
60-->[com.github.tamsiree.RxTool:RxKit:v2.4.1] AndroidManifest.xml:43:17-67
61                android:resource="@xml/file_paths" />
61-->[com.github.tamsiree.RxTool:RxKit:v2.4.1] AndroidManifest.xml:44:17-51
62        </provider>
63
64        <activity
64-->[com.github.tamsiree.RxTool:RxUI:v2.4.1] AndroidManifest.xml:14:9-16:70
65            android:name="com.vondear.rxui.activity.ActivityWebView"
65-->[com.github.tamsiree.RxTool:RxUI:v2.4.1] AndroidManifest.xml:15:13-69
66            android:windowSoftInputMode="stateHidden|adjustResize" />
66-->[com.github.tamsiree.RxTool:RxUI:v2.4.1] AndroidManifest.xml:16:13-67
67        <activity android:name="com.vondear.rxfeature.activity.ActivityScanerCode" >
67-->[com.github.tamsiree.RxTool:RxFeature:v2.4.1] AndroidManifest.xml:12:9-13:20
67-->[com.github.tamsiree.RxTool:RxFeature:v2.4.1] AndroidManifest.xml:12:19-83
68        </activity>
69        <activity android:name="com.vondear.rxfeature.activity.ActivityCodeTool" >
69-->[com.github.tamsiree.RxTool:RxFeature:v2.4.1] AndroidManifest.xml:14:9-15:20
69-->[com.github.tamsiree.RxTool:RxFeature:v2.4.1] AndroidManifest.xml:14:19-81
70        </activity>
71        <activity
71-->[com.blankj:utilcodex:1.29.0] AndroidManifest.xml:10:9-14:75
72            android:name="com.blankj.utilcode.util.UtilsTransActivity4MainProcess"
72-->[com.blankj:utilcodex:1.29.0] AndroidManifest.xml:11:13-83
73            android:configChanges="orientation|keyboardHidden|screenSize"
73-->[com.blankj:utilcodex:1.29.0] AndroidManifest.xml:12:13-74
74            android:theme="@style/ActivityTranslucent"
74-->[com.blankj:utilcodex:1.29.0] AndroidManifest.xml:13:13-55
75            android:windowSoftInputMode="stateHidden|stateAlwaysHidden" />
75-->[com.blankj:utilcodex:1.29.0] AndroidManifest.xml:14:13-72
76        <activity
76-->[com.blankj:utilcodex:1.29.0] AndroidManifest.xml:15:9-20:75
77            android:name="com.blankj.utilcode.util.UtilsTransActivity"
77-->[com.blankj:utilcodex:1.29.0] AndroidManifest.xml:16:13-71
78            android:configChanges="orientation|keyboardHidden|screenSize"
78-->[com.blankj:utilcodex:1.29.0] AndroidManifest.xml:17:13-74
79            android:multiprocess="true"
79-->[com.blankj:utilcodex:1.29.0] AndroidManifest.xml:18:13-40
80            android:theme="@style/ActivityTranslucent"
80-->[com.blankj:utilcodex:1.29.0] AndroidManifest.xml:19:13-55
81            android:windowSoftInputMode="stateHidden|stateAlwaysHidden" />
81-->[com.blankj:utilcodex:1.29.0] AndroidManifest.xml:20:13-72
82
83        <provider
83-->[com.blankj:utilcodex:1.29.0] AndroidManifest.xml:22:9-30:20
84            android:name="com.blankj.utilcode.util.UtilsFileProvider"
84-->[com.blankj:utilcodex:1.29.0] AndroidManifest.xml:23:13-70
85            android:authorities="com.example.taobaoalliance.utilcode.provider"
85-->[com.blankj:utilcodex:1.29.0] AndroidManifest.xml:24:13-69
86            android:exported="false"
86-->[com.blankj:utilcodex:1.29.0] AndroidManifest.xml:25:13-37
87            android:grantUriPermissions="true" >
87-->[com.blankj:utilcodex:1.29.0] AndroidManifest.xml:26:13-47
88            <meta-data
88-->[com.github.tamsiree.RxTool:RxKit:v2.4.1] AndroidManifest.xml:42:13-44:54
89                android:name="android.support.FILE_PROVIDER_PATHS"
89-->[com.github.tamsiree.RxTool:RxKit:v2.4.1] AndroidManifest.xml:43:17-67
90                android:resource="@xml/util_code_provider_paths" />
90-->[com.github.tamsiree.RxTool:RxKit:v2.4.1] AndroidManifest.xml:44:17-51
91        </provider>
92
93        <service
93-->[com.blankj:utilcodex:1.29.0] AndroidManifest.xml:32:9-38:19
94            android:name="com.blankj.utilcode.util.MessengerUtils$ServerService"
94-->[com.blankj:utilcodex:1.29.0] AndroidManifest.xml:33:13-81
95            android:exported="false" >
95-->[com.blankj:utilcodex:1.29.0] AndroidManifest.xml:34:13-37
96            <intent-filter>
96-->[com.blankj:utilcodex:1.29.0] AndroidManifest.xml:35:13-37:29
97                <action android:name="com.example.taobaoalliance.messenger" />
97-->[com.blankj:utilcodex:1.29.0] AndroidManifest.xml:36:17-69
97-->[com.blankj:utilcodex:1.29.0] AndroidManifest.xml:36:25-66
98            </intent-filter>
99        </service>
100    </application>
101
102</manifest>